<?xml version="1.0" encoding="UTF-8"?>
<!-- Generated by org.testng.reporters.JUnitReportReporter -->
<testsuite hostname="Pradeep" name="Driverfactory.AppTest" tests="1" failures="0" timestamp="23 Mar 2021 15:31:59 GMT" time="101.859" errors="0">
  <testcase name="Erp_Stock" time="101.859" classname="Driverfactory.AppTest"/>
</testsuite> <!-- Driverfactory.AppTest -->
